[    0.000000] Initializing cgroup subsys cpuset
[    0.000000] Initializing cgroup subsys cpu
[    0.000000] Initializing cgroup subsys cpuacct
[    0.000000] Linux version 4.4.0-193-generic (buildd@lgw01-amd64-024) (gcc version 5.4.0 20160609 (Ubuntu 5.4.0-6ubuntu1~16.04.12) ) #224-Ubuntu SMP Tue Oct 6 17:15:28 UTC 2020 (Ubuntu 4.4.0-193.224-generic 4.4.236)
[    0.000000] Command line: BOOT_IMAGE=/boot/vmlinuz-4.4.0-193-generic root=LABEL=cloudimg-rootfs ro console=tty1 console=ttyS0
[    0.000000] KERNEL supported cpus:
[    0.000000]   Intel GenuineIntel
[    0.000000]   AMD AuthenticAMD
[    0.000000]   Centaur CentaurHauls
[    0.000000] [Firmware Bug]: TSC doesn't count with P0 frequency!
[    0.000000] x86/fpu: xstate_offset[2]:  576, xstate_sizes[2]:  256
[    0.000000] x86/fpu: Supporting XSAVE feature 0x01: 'x87 floating point registers'
[    0.000000] x86/fpu: Supporting XSAVE feature 0x02: 'SSE registers'
[    0.000000] x86/fpu: Supporting XSAVE feature 0x04: 'AVX registers'
[    0.000000] x86/fpu: Enabled xstate features 0x7, context size is 832 bytes, using 'standard' format.
[    0.000000] e820: BIOS-provided physical RAM map:
[    0.000000] BIOS-e820: [mem 0x0000000000000000-0x000000000009fbff] usable
[    0.000000] BIOS-e820: [mem 0x000000000009fc00-0x000000000009ffff] reserved
[    0.000000] BIOS-e820: [mem 0x00000000000f0000-0x00000000000fffff] reserved
[    0.000000] BIOS-e820: [mem 0x0000000000100000-0x000000003ffeffff] usable
[    0.000000] BIOS-e820: [mem 0x000000003fff0000-0x000000003fffffff] ACPI data
[    0.000000] BIOS-e820: [mem 0x00000000fec00000-0x00000000fec00fff] reserved
[    0.000000] BIOS-e820: [mem 0x00000000fee00000-0x00000000fee00fff] reserved
[    0.000000] BIOS-e820: [mem 0x00000000fffc0000-0x00000000ffffffff] reserved
[    0.000000] NX (Execute Disable) protection: active
[    0.000000] SMBIOS 2.5 present.
[    0.000000] Hypervisor detected: KVM
[    0.000000] Kernel/User page tables isolation: disabled
[    0.000000] e820: last_pfn = 0x3fff0 max_arch_pfn = 0x400000000
[    0.000000] MTRR: Disabled
[    0.000000] x86/PAT: MTRRs disabled, skipping PAT initialization too.
[    0.000000] CPU MTRRs all blank - virtualized system.
[    0.000000] x86/PAT: Configuration [0-7]: WB  WT  UC- UC  WB  WT  UC- UC  
[    0.000000] found SMP MP-table at [mem 0x0009fff0-0x0009ffff] mapped at [ffff88000009fff0]
[    0.000000] Scanning 1 areas for low memory corruption
[    0.000000] RAMDISK: [mem 0x362da000-0x37164fff]
[    0.000000] ACPI: Early table checksum verification disabled
[    0.000000] ACPI: RSDP 0x00000000000E0000 000024 (v02 VBOX  )
[    0.000000] ACPI: XSDT 0x000000003FFF0030 00003C (v01 VBOX   VBOXXSDT 00000001 ASL  00000061)
[    0.000000] ACPI: FACP 0x000000003FFF00F0 0000F4 (v04 VBOX   VBOXFACP 00000001 ASL  00000061)
[    0.000000] ACPI: DSDT 0x000000003FFF0470 002325 (v02 VBOX   VBOXBIOS 00000002 INTL 20210105)
[    0.000000] ACPI: FACS 0x000000003FFF0200 000040
[    0.000000] ACPI: FACS 0x000000003FFF0200 000040
[    0.000000] ACPI: APIC 0x000000003FFF0240 000054 (v02 VBOX   VBOXAPIC 00000001 ASL  00000061)
[    0.000000] ACPI: SSDT 0x000000003FFF02A0 0001CC (v01 VBOX   VBOXCPUT 00000002 INTL 20210105)
[    0.000000] No NUMA configuration found
[    0.000000] Faking a node at [mem 0x0000000000000000-0x000000003ffeffff]
[    0.000000] NODE_DATA(0) allocated [mem 0x3ffeb000-0x3ffeffff]
[    0.000000] kvm-clock: Using msrs 4b564d01 and 4b564d00
[    0.000000] kvm-clock: cpu 0, msr 0:3ffe3001, primary cpu clock
[    0.000000] kvm-clock: using sched offset of 4610491186 cycles
[    0.000000] clocksource: kvm-clock: mask: 0xffffffffffffffff max_cycles: 0x1cd42e4dffb, max_idle_ns: 881590591483 ns
[    0.000000] Zone ranges:
[    0.000000]   DMA      [mem 0x0000000000001000-0x0000000000ffffff]
[    0.000000]   DMA32    [mem 0x0000000001000000-0x000000003ffeffff]
[    0.000000]   Normal   empty
[    0.000000]   Device   empty
[    0.000000] Movable zone start for each node
[    0.000000] Early memory node ranges
[    0.000000]   node   0: [mem 0x0000000000001000-0x000000000009efff]
[    0.000000]   node   0: [mem 0x0000000000100000-0x000000003ffeffff]
[    0.000000] Initmem setup node 0 [mem 0x0000000000001000-0x000000003ffeffff]
[    0.000000] ACPI: PM-Timer IO Port: 0x4008
[    0.000000] IOAPIC[0]: apic_id 1, version 32, address 0xfec00000, GSI 0-23
[    0.000000] ACPI: INT_SRC_OVR (bus 0 bus_irq 0 global_irq 2 dfl dfl)
[    0.000000] ACPI: INT_SRC_OVR (bus 0 bus_irq 9 global_irq 9 low level)
[    0.000000] Using ACPI (MADT) for SMP configuration information
[    0.000000] smpboot: Allowing 1 CPUs, 0 hotplug CPUs
[    0.000000] PM: Registered nosave memory: [mem 0x00000000-0x00000fff]
[    0.000000] PM: Registered nosave memory: [mem 0x0009f000-0x0009ffff]
[    0.000000] PM: Registered nosave memory: [mem 0x000a0000-0x000effff]
[    0.000000] PM: Registered nosave memory: [mem 0x000f0000-0x000fffff]
[    0.000000] e820: [mem 0x40000000-0xfebfffff] available for PCI devices
[    0.000000] Booting paravirtualized kernel on KVM
[    0.000000] clocksource: refined-jiffies: mask: 0xffffffff max_cycles: 0xffffffff, max_idle_ns: 7645519600211568 ns
[    0.000000] setup_percpu: NR_CPUS:512 nr_cpumask_bits:512 nr_cpu_ids:1 nr_node_ids:1
[    0.000000] PERCPU: Embedded 33 pages/cpu @ffff88003fc00000 s95512 r8192 d31464 u2097152
[    0.000000] Built 1 zonelists in Node order, mobility grouping on.  Total pages: 257912
[    0.000000] Policy zone: DMA32
[    0.000000] Kernel command line: BOOT_IMAGE=/boot/vmlinuz-4.4.0-193-generic root=LABEL=cloudimg-rootfs ro console=tty1 console=ttyS0
[    0.000000] PID hash table entries: 4096 (order: 3, 32768 bytes)
[    0.000000] Memory: 997784K/1048120K available (8640K kernel code, 1337K rwdata, 4040K rodata, 1492K init, 1296K bss, 50336K reserved, 0K cma-reserved)
[    0.000000] SLUB: HWalign=64, Order=0-3, MinObjects=0, CPUs=1, Nodes=1
[    0.000000] Hierarchical RCU implementation.
[    0.000000] 	Build-time adjustment of leaf fanout to 64.
[    0.000000] 	RCU restricting CPUs from NR_CPUS=512 to nr_cpu_ids=1.
[    0.000000] RCU: Adjusting geometry for rcu_fanout_leaf=64, nr_cpu_ids=1
[    0.000000] NR_IRQS:33024 nr_irqs:256 16
[    0.000000] Console: colour VGA+ 80x25
[    0.000000] console [tty1] enabled
[    0.000000] console [ttyS0] enabled
[    0.000000] tsc: Detected 1996.248 MHz processor
[    0.358728] Calibrating delay loop (skipped) preset value.. 3992.49 BogoMIPS (lpj=7984992)
[    0.363042] pid_max: default: 32768 minimum: 301
[    0.365217] ACPI: Core revision 20150930
[    0.370710] ACPI: 2 ACPI AML tables successfully acquired and loaded
[    0.373451] Security Framework initialized
[    0.375441] Yama: becoming mindful.
[    0.377110] AppArmor: AppArmor initialized
[    0.380183] Dentry cache hash table entries: 131072 (order: 8, 1048576 bytes)
[    0.384139] Inode-cache hash table entries: 65536 (order: 7, 524288 bytes)
[    0.388878] Mount-cache hash table entries: 2048 (order: 2, 16384 bytes)
[    0.391625] Mountpoint-cache hash table entries: 2048 (order: 2, 16384 bytes)
[    0.395126] Initializing cgroup subsys io
[    0.397381] Initializing cgroup subsys memory
[    0.399583] Initializing cgroup subsys devices
[    0.401567] Initializing cgroup subsys freezer
[    0.403503] Initializing cgroup subsys net_cls
[    0.408626] Initializing cgroup subsys perf_event
[    0.411403] Initializing cgroup subsys net_prio
[    0.413967] Initializing cgroup subsys hugetlb
[    0.416375] Initializing cgroup subsys pids
[    0.418860] CPU0: Hyper-Threading is disabled
[    0.638525] mce: CPU supports 0 MCE banks
[    0.640693] Last level iTLB entries: 4KB 1024, 2MB 1024, 4MB 512
[    0.643791] Last level dTLB entries: 4KB 1536, 2MB 1536, 4MB 768, 1GB 0
[    0.647513] Spectre V1 : Mitigation: usercopy/swapgs barriers and __user pointer sanitization
[    0.651938] Spectre V2 : Spectre mitigation: LFENCE not serializing, switching to generic retpoline
[    0.656576] Spectre V2 : Mitigation: Full generic retpoline
[    0.659111] Spectre V2 : Spectre v2 / SpectreRSB mitigation: Filling RSB on context switch
[    0.663830] Speculative Store Bypass: Mitigation: Speculative Store Bypass disabled via prctl and seccomp
[    0.721500] Freeing SMP alternatives memory: 36K
[    0.743133] ftrace: allocating 32346 entries in 127 pages
[    0.949211] smpboot: APIC(0) Converting physical 0 to logical package 0
[    0.952067] smpboot: Max logical packages: 1
[    0.954598] x2apic enabled
[    0.956842] Switched APIC routing to physical x2apic.
[    0.962661] ..TIMER: vector=0x30 apic1=0 pin1=2 apic2=-1 pin2=-1
[    1.073514] APIC calibration not consistent with PM-Timer: 115ms instead of 100ms
[    1.076800] APIC delta adjusted to PM-Timer: 6451950 (7453681)
[    1.079647] smpboot: CPU0: AMD Ryzen 5 2500U with Radeon Vega Mobile Gfx (family: 0x17, model: 0x11, stepping: 0x0)
[    1.084832] Performance Events: Broken PMU hardware detected, using software events only.
[    1.088710] Failed to access perfctr msr (MSR c0010007 is 0)
[    1.110544] KVM setup paravirtual spinlock
[    1.118626] x86: Booted up 1 node, 1 CPUs
[    1.120571] smpboot: Total of 1 processors activated (3992.49 BogoMIPS)
[    1.124867] devtmpfs: initialized
[    1.133496] evm: security.selinux
[    1.135306] evm: security.SMACK64
[    1.136923] evm: security.SMACK64EXEC
[    1.138796] evm: security.SMACK64TRANSMUTE
[    1.140496] evm: security.SMACK64MMAP
[    1.142267] evm: security.ima
[    1.143928] evm: security.capability
[    1.146325] clocksource: jiffies: mask: 0xffffffff max_cycles: 0xffffffff, max_idle_ns: 7645041785100000 ns
[    1.150799] futex hash table entries: 256 (order: 2, 16384 bytes)
[    1.153545] pinctrl core: initialized pinctrl subsystem
[    1.156058] RTC time: 14:47:26, date: 03/31/21
[    1.161147] NET: Registered protocol family 16
[    1.163801] cpuidle: using governor ladder
[    1.166052] cpuidle: using governor menu
[    1.168801] PCCT header not found.
[    1.172487] ACPI: bus type PCI registered
[    1.174435] acpiphp: ACPI Hot Plug PCI Controller Driver version: 0.5
[    1.177527] PCI: Using configuration type 1 for base access
[    1.180427] PCI: Using configuration type 1 for extended access
[    1.188361] ACPI: Added _OSI(Module Device)
[    1.190368] ACPI: Added _OSI(Processor Device)
[    1.192629] ACPI: Added _OSI(3.0 _SCP Extensions)
[    1.195025] ACPI: Added _OSI(Processor Aggregator Device)
[    1.199829] ACPI: Executed 1 blocks of module-level executable AML code
[    1.208036] ACPI: Interpreter enabled
[    1.209825] ACPI: (supports S0 S5)
[    1.211581] ACPI: Using IOAPIC for interrupt routing
[    1.217367] PCI: Using host bridge windows from ACPI; if necessary, use "pci=nocrs" and report a bug
[    1.232555] ACPI: PCI Root Bridge [PCI0] (domain 0000 [bus 00-ff])
[    1.235387] acpi PNP0A03:00: _OSC: OS supports [ExtendedConfig ASPM ClockPM Segments MSI]
[    1.240839] acpi PNP0A03:00: _OSC: platform does not support [PCIeCapability]
[    1.244129] acpi PNP0A03:00: _OSC: not requesting control; platform does not support [PCIeCapability]
[    1.249486] acpi PNP0A03:00: _OSC: OS requested [PCIeHotplug PME AER PCIeCapability]
[    1.253598] acpi PNP0A03:00: _OSC: platform willing to grant [PCIeHotplug PME AER]
[    1.257012] acpi PNP0A03:00: _OSC failed (AE_SUPPORT); disabling ASPM
[    1.286274] PCI host bridge to bus 0000:00
[    1.288392] pci_bus 0000:00: root bus resource [io  0x0000-0x0cf7 window]
[    1.291125] pci_bus 0000:00: root bus resource [io  0x0d00-0xffff window]
[    1.294078] pci_bus 0000:00: root bus resource [mem 0x000a0000-0x000bffff window]
[    1.297886] pci_bus 0000:00: root bus resource [mem 0x40000000-0xfdffffff window]
[    1.301918] pci_bus 0000:00: root bus resource [bus 00-ff]
[    1.307595] pci 0000:00:01.1: legacy IDE quirk: reg 0x10: [io  0x01f0-0x01f7]
[    1.310391] pci 0000:00:01.1: legacy IDE quirk: reg 0x14: [io  0x03f6]
[    1.313696] pci 0000:00:01.1: legacy IDE quirk: reg 0x18: [io  0x0170-0x0177]
[    1.316516] pci 0000:00:01.1: legacy IDE quirk: reg 0x1c: [io  0x0376]
[    1.361929] pci 0000:00:07.0: quirk: [io  0x4000-0x403f] claimed by PIIX4 ACPI
[    1.366722] pci 0000:00:07.0: quirk: [io  0x4100-0x410f] claimed by PIIX4 SMB
[    1.399069] ACPI: PCI Interrupt Link [LNKA] (IRQs 5 9 10 *11)
[    1.404064] ACPI: PCI Interrupt Link [LNKB] (IRQs 5 9 *10 11)
[    1.407529] ACPI: PCI Interrupt Link [LNKC] (IRQs 5 *9 10 11)
[    1.411180] ACPI: PCI Interrupt Link [LNKD] (IRQs 5 9 10 *11)
[    1.415522] ACPI: Enabled 2 GPEs in block 00 to 07
[    1.418373] vgaarb: setting as boot device: PCI:0000:00:02.0
[    1.420449] vgaarb: device added: PCI:0000:00:02.0,decodes=io+mem,owns=io+mem,locks=none
[    1.423610] vgaarb: loaded
[    1.425301] vgaarb: bridge control possible 0000:00:02.0
[    1.429415] SCSI subsystem initialized
[    1.432350] ACPI: bus type USB registered
[    1.434704] usbcore: registered new interface driver usbfs
[    1.437433] usbcore: registered new interface driver hub
[    1.439767] usbcore: registered new device driver usb
[    1.442431] PCI: Using ACPI for IRQ routing
[    1.445342] NetLabel: Initializing
[    1.447209] NetLabel:  domain hash size = 128
[    1.449230] NetLabel:  protocols = UNLABELED CIPSOv4
[    1.451595] NetLabel:  unlabeled traffic allowed by default
[    1.453965] amd_nb: Cannot enumerate AMD northbridges
[    1.456563] clocksource: Switched to clocksource kvm-clock
[    1.481930] AppArmor: AppArmor Filesystem Enabled
[    1.484462] pnp: PnP ACPI init
[    1.488411] pnp: PnP ACPI: found 3 devices
[    1.498030] clocksource: acpi_pm: mask: 0xffffff max_cycles: 0xffffff, max_idle_ns: 2085701024 ns
[    1.503091] NET: Registered protocol family 2
[    1.506549] TCP established hash table entries: 8192 (order: 4, 65536 bytes)
[    1.509524] TCP bind hash table entries: 8192 (order: 5, 131072 bytes)
[    1.513077] TCP: Hash tables configured (established 8192 bind 8192)
[    1.516304] UDP hash table entries: 512 (order: 2, 16384 bytes)
[    1.519174] UDP-Lite hash table entries: 512 (order: 2, 16384 bytes)
[    1.522022] NET: Registered protocol family 1
[    1.524141] pci 0000:00:00.0: Limiting direct PCI/PCI transfers
[    1.527487] pci 0000:00:01.0: Activating ISA DMA hang workarounds
[    1.535471] Unpacking initramfs...
[    2.265283] Freeing initrd memory: 14892K
[    2.267455] clocksource: tsc: mask: 0xffffffffffffffff max_cycles: 0x398cac3bdaf, max_idle_ns: 881590646346 ns
[    2.272535] platform rtc_cmos: registered platform RTC device (no PNP device found)
[    2.276113] Scanning for low memory corruption every 60 seconds
[    2.279918] audit: initializing netlink subsys (disabled)
[    2.282624] audit: type=2000 audit(1617202054.039:1): initialized
[    2.286097] Initialise system trusted keyring
[    2.288566] HugeTLB registered 2 MB page size, pre-allocated 0 pages
[    2.294345] zbud: loaded
[    2.297080] VFS: Disk quotas dquot_6.6.0
[    2.299050] VFS: Dquot-cache hash table entries: 512 (order 0, 4096 bytes)
[    2.302443] squashfs: version 4.0 (2009/01/31) Phillip Lougher
[    2.305504] fuse init (API version 7.23)
[    2.307519] Key type big_key registered
[    2.309506] Allocating IMA MOK and blacklist keyrings.
[    2.314276] Key type asymmetric registered
[    2.316250] Asymmetric key parser 'x509' registered
[    2.318420] Block layer SCSI generic (bsg) driver version 0.4 loaded (major 249)
[    2.321791] io scheduler noop registered
[    2.323506] io scheduler deadline registered (default)
[    2.325743] io scheduler cfq registered
[    2.327825] pci_hotplug: PCI Hot Plug PCI Core version: 0.5
[    2.330504] pciehp: PCI Express Hot Plug Controller Driver version: 0.4
[    2.333551] ACPI: AC Adapter [AC] (on-line)
[    2.335514] input: Power Button as /devices/LNXSYSTM:00/LNXPWRBN:00/input/input0
[    2.338874] ACPI: Power Button [PWRF]
[    2.340929] input: Sleep Button as /devices/LNXSYSTM:00/LNXSLPBN:00/input/input1
[    2.344470] ACPI: Sleep Button [SLPF]
[    2.348462] ACPI: Battery Slot [BAT0] (battery present)
[    2.350884] GHES: HEST is not enabled!
[    2.353033] Serial: 8250/16550 driver, 32 ports, IRQ sharing enabled
[    2.377093] 00:02: ttyS0 at I/O 0x3f8 (irq = 4, base_baud = 115200) is a 16550A
[    2.385404] Linux agpgart interface v0.103
[    2.390217] loop: module loaded
[    2.393779] scsi host0: ata_piix
[    2.395883] scsi host1: ata_piix
[    2.397658] ata1: PATA max UDMA/33 cmd 0x1f0 ctl 0x3f6 bmdma 0xd000 irq 14
[    2.400189] ata2: PATA max UDMA/33 cmd 0x170 ctl 0x376 bmdma 0xd008 irq 15
[    2.403612] libphy: Fixed MDIO Bus: probed
[    2.405347] tun: Universal TUN/TAP device driver, 1.6
[    2.407562] tun: (C) 1999-2004 Max Krasnyansky <maxk@qualcomm.com>
[    2.410524] PPP generic driver version 2.4.2
[    2.412833] ehci_hcd: USB 2.0 'Enhanced' Host Controller (EHCI) Driver
[    2.415321] ehci-pci: EHCI PCI platform driver
[    2.417313] ehci-platform: EHCI generic platform driver
[    2.419062] ohci_hcd: USB 1.1 'Open' Host Controller (OHCI) Driver
[    2.421014] ohci-pci: OHCI PCI platform driver
[    2.422351] ohci-platform: OHCI generic platform driver
[    2.423879] uhci_hcd: USB Universal Host Controller Interface driver
[    2.425861] i8042: PNP: PS/2 Controller [PNP0303:PS2K,PNP0f03:PS2M] at 0x60,0x64 irq 1,12
[    2.429910] serio: i8042 KBD port at 0x60,0x64 irq 1
[    2.431540] serio: i8042 AUX port at 0x60,0x64 irq 12
[    2.433352] mousedev: PS/2 mouse device common for all mice
[    2.435349] input: AT Translated Set 2 keyboard as /devices/platform/i8042/serio0/input/input2
[    2.438800] rtc_cmos rtc_cmos: rtc core: registered rtc_cmos as rtc0
[    2.441031] rtc_cmos rtc_cmos: alarms up to one day, 114 bytes nvram
[    2.443209] i2c /dev entries driver
[    2.445151] device-mapper: uevent: version 1.0.3
[    2.446831] device-mapper: ioctl: 4.34.0-ioctl (2015-10-28) initialised: dm-devel@redhat.com
[    2.450866] ledtrig-cpu: registered to indicate activity on CPUs
[    2.453515] NET: Registered protocol family 10
[    2.455618] NET: Registered protocol family 17
[    2.457214] Key type dns_resolver registered
[    2.459270] registered taskstats version 1
[    2.461210] Loading compiled-in X.509 certificates
[    2.465228] Loaded X.509 cert 'Build time autogenerated kernel key: 399ad61e9457a71f6b31060684c17f14836880c9'
[    2.468546] zswap: loaded using pool lzo/zbud
[    2.475080] Key type trusted registered
[    2.484919] Key type encrypted registered
[    2.486338] AppArmor: AppArmor sha1 policy hashing enabled
[    2.488078] ima: No TPM chip found, activating TPM-bypass!
[    2.489814] ima: Allocated hash algorithm: sha1
[    2.491299] evm: HMAC attrs: 0x1
[    2.493112]   Magic number: 13:33:790
[    2.494778] rtc_cmos rtc_cmos: setting system clock to 2021-03-31 14:47:28 UTC (1617202048)
[    2.498387] BIOS EDD facility v0.16 2004-Jun-25, 0 devices found
[    2.500289] EDD information not available.
[    2.586834] Freeing unused kernel memory: 1492K
[    2.588355] Write protecting the kernel read-only data: 14336k
[    2.590866] Freeing unused kernel memory: 1588K
[    2.592502] Freeing unused kernel memory: 56K
Loading, please wait...
starting version 229
[    2.621246] random: udevadm: uninitialized urandom read (16 bytes read, 6 bits of entropy available)
[    2.625240] random: systemd-udevd: uninitialized urandom read (16 bytes read, 6 bits of entropy available)
[    2.629167] random: systemd-udevd: uninitialized urandom read (16 bytes read, 6 bits of entropy available)
[    2.632473] random: systemd-udevd: uninitialized urandom read (16 bytes read, 6 bits of entropy available)
[    2.635869] random: udevadm: uninitialized urandom read (16 bytes read, 6 bits of entropy available)
[    2.640961] random: systemd-udevd: uninitialized urandom read (16 bytes read, 6 bits of entropy available)
[    2.658129] random: systemd-udevd: uninitialized urandom read (16 bytes read, 6 bits of entropy available)
[    2.661317] random: systemd-udevd: uninitialized urandom read (16 bytes read, 6 bits of entropy available)
[    2.668459] random: systemd-udevd: uninitialized urandom read (16 bytes read, 6 bits of entropy available)
[    2.674784] random: udevadm: uninitialized urandom read (16 bytes read, 6 bits of entropy available)
[    3.041284] e1000: Intel(R) PRO/1000 Network Driver - version 7.3.21-k8-NAPI
[    3.042999] e1000: Copyright (c) 1999-2006 Intel Corporation.
[    3.060637] Fusion MPT base driver 3.04.20
[    3.062387] Copyright (c) 1999-2008 LSI Corporation
[    3.103836] Fusion MPT SPI Host driver 3.04.20
[    3.246954] AVX2 version of gcm_enc/dec engaged.
[    3.248272] AES CTR mode by8 optimization enabled
[    3.302711] input: ImExPS/2 Generic Explorer Mouse as /devices/platform/i8042/serio1/input/input4
[    3.748758] e1000 0000:00:03.0 eth0: (PCI:33MHz:32-bit) 02:46:24:a9:8b:4d
[    3.750726] e1000 0000:00:03.0 eth0: Intel(R) PRO/1000 Network Connection
[    3.753439] mptbase: ioc0: Initiating bringup
[    3.817325] ioc0: LSI53C1030 A0: Capabilities={Initiator}
[    3.978270] scsi host2: ioc0: LSI53C1030 A0, FwRev=00000000h, Ports=1, MaxQ=256, IRQ=20
[    4.096182] scsi 2:0:0:0: Direct-Access     VBOX     HARDDISK         1.0  PQ: 0 ANSI: 5
[    4.113388] scsi target2:0:0: Beginning Domain Validation
[    4.115581] scsi target2:0:0: Domain Validation skipping write tests
[    4.117031] scsi target2:0:0: Ending Domain Validation
[    4.118329] scsi target2:0:0: asynchronous
[    4.119660] scsi 2:0:1:0: Direct-Access     VBOX     HARDDISK         1.0  PQ: 0 ANSI: 5
[    4.121599] scsi target2:0:1: Beginning Domain Validation
[    4.123900] scsi target2:0:1: Domain Validation skipping write tests
[    4.125189] scsi target2:0:1: Ending Domain Validation
[    4.130679] scsi target2:0:1: asynchronous
[    4.284449] sd 2:0:0:0: Attached scsi generic sg0 type 0
[    4.285786] sd 2:0:0:0: [sda] 20971520 512-byte logical blocks: (10.7 GB/10.0 GiB)
[    4.288005] sd 2:0:1:0: [sdb] 20480 512-byte logical blocks: (10.5 MB/10.0 MiB)
[    4.289794] sd 2:0:1:0: Attached scsi generic sg1 type 0
[    4.291044] sd 2:0:0:0: [sda] Write Protect is off
[    4.292119] sd 2:0:1:0: [sdb] Write Protect is off
[    4.293230] sd 2:0:0:0: [sda] Incomplete mode parameter data
[    4.294367] sd 2:0:0:0: [sda] Assuming drive cache: write through
[    4.295518] sd 2:0:1:0: [sdb] Incomplete mode parameter data
[    4.296929] sd 2:0:1:0: [sdb] Assuming drive cache: write through
[    4.306166]  sda: sda1
[    4.307544] sd 2:0:0:0: [sda] Attached SCSI disk
[    4.308738] sd 2:0:1:0: [sdb] Attached SCSI disk
[    4.525185] e1000 0000:00:08.0 eth1: (PCI:33MHz:32-bit) 08:00:27:14:7c:ac
[    4.527377] e1000 0000:00:08.0 eth1: Intel(R) PRO/1000 Network Connection
[    4.534747] e1000 0000:00:08.0 enp0s8: renamed from eth1
[    4.543088] e1000 0000:00:03.0 enp0s3: renamed from eth0
Begin: Loading essential drivers ... [    6.283881] md: linear personality registered for level -1
[    6.297176] md: multipath personality registered for level -4
[    6.310738] md: raid0 personality registered for level 0
[    6.326784] md: raid1 personality registered for level 1
[    6.416761] raid6: sse2x1   gen()  1697 MB/s
[    6.485311] raid6: sse2x1   xor()  1223 MB/s
[    6.553372] raid6: sse2x2   gen()  4964 MB/s
[    6.621001] raid6: sse2x2   xor()  3939 MB/s
[    6.690061] raid6: sse2x4   gen()  6133 MB/s
[    6.756764] raid6: sse2x4   xor()  2466 MB/s
[    6.824735] raid6: avx2x1   gen()  3285 MB/s
[    6.893442] raid6: avx2x2   gen()  3152 MB/s
[    6.964681] raid6: avx2x4   gen()  2384 MB/s
[    6.969249] raid6: using algorithm sse2x4 gen() 6133 MB/s
[    6.973931] raid6: .... xor() 2466 MB/s, rmw enabled
[    6.978438] raid6: using avx2x2 recovery algorithm
[    6.993653] xor: automatically using best checksumming function:
[    7.036753]    avx       :  1691.000 MB/sec
[    7.049094] async_tx: api initialized (async)
[    7.117129] md: raid6 personality registered for level 6
[    7.121144] md: raid5 personality registered for level 5
[    7.124610] md: raid4 personality registered for level 4
[    7.170309] md: raid10 personality registered for level 10
done.
Begin: Running /scripts/init-premount ... done.
Begin: Mounting root file system ... Begin: Running /scripts/local-top ... done.
Begin: Running /scripts/local-premount ... [    7.337724] Btrfs loaded
Scanning for Btrfs filesystems
done.
Warning: fsck not present, so skipping root file system
[    7.439103] EXT4-fs (sda1): mounted filesystem with ordered data mode. Opts: (null)
done.
Begin: Running /scripts/local-bottom ... done.
Begin: Running /scripts/init-bottom ... done.
[    7.603889] systemd[1]: systemd 229 running in system mode. (+PAM +AUDIT +SELINUX +IMA +APPARMOR +SMACK +SYSVINIT +UTMP +LIBCRYPTSETUP +GCRYPT +GNUTLS +ACL +XZ -LZ4 +SECCOMP +BLKID +ELFUTILS +KMOD -IDN)
[    7.609060] systemd[1]: Detected virtualization oracle.
[    7.610595] systemd[1]: Detected architecture x86-64.

Welcome to [1mUbuntu 16.04.7 LTS[0m!

[    7.615452] systemd[1]: Set hostname to <ubuntu>.
[    7.619341] systemd[1]: Initializing machine ID from random generator.
[    7.621375] systemd[1]: Installed transient /etc/machine-id file.
[    7.868654] systemd[1]: Listening on LVM2 metadata daemon socket.
[[0;32m  OK  [0m] Listening on LVM2 metadata daemon socket.
[    7.874028] systemd[1]: Listening on udev Kernel Socket.
[[0;32m  OK  [0m] Listening on udev Kernel Socket.
[    7.878362] systemd[1]: Listening on Journal Socket.
[[0;32m  OK  [0m] Listening on Journal Socket.
[    7.883391] systemd[1]: Created slice User and Session Slice.
[[0;32m  OK  [0m] Created slice User and Session Slice.
[    7.888439] systemd[1]: Listening on LVM2 poll daemon socket.
[[0;32m  OK  [0m] Listening on LVM2 poll daemon socket.
[    7.893027] systemd[1]: Listening on Syslog Socket.
[[0;32m  OK  [0m] Listening on Syslog Socket.
[    7.897246] systemd[1]: Reached target Encrypted Volumes.
[[0;32m  OK  [0m] Reached target Encrypted Volumes.
[    7.901462] systemd[1]: Listening on Device-mapper event daemon FIFOs.
[[0;32m  OK  [0m] Listening on Device-mapper event daemon FIFOs.
[    7.907143] systemd[1]: Listening on udev Control Socket.
[[0;32m  OK  [0m] Listening on udev Control Socket.
[    7.911111] systemd[1]: Listening on Journal Audit Socket.
[[0;32m  OK  [0m] Listening on Journal Audit Socket.
[    7.915613] systemd[1]: Reached target System Time Synchronized.
[[0;32m  OK  [0m] Reached target System Time Synchronized.
[    7.920354] systemd[1]: Started Trigger resolvconf update for networkd DNS.
[[0;32m  OK  [0m] Started Trigger resolvconf update for networkd DNS.
[    7.925470] systemd[1]: Listening on /dev/initctl Compatibility Named Pipe.
[[0;32m  OK  [0m] Listening on /dev/initctl Compatibility Named Pipe.
[    7.931356] systemd[1]: Created slice System Slice.
[[0;32m  OK  [0m] Created slice System Slice.
[    7.937496] systemd[1]: Mounting Huge Pages File System...
         Mounting Huge Pages File System...
[    7.943976] systemd[1]: Created slice system-serial\x2dgetty.slice.
[[0;32m  OK  [0m] Created slice system-serial\x2dgetty.slice.
[    7.955964] systemd[1]: Starting Remount Root and Kernel File Systems...
         Starting Remount Root and Kernel File Systems...
[    7.971279] systemd[1]: Reached target Slices.
[[0;32m  OK  [0m] Reached target Slices.
[    7.976909] EXT4-fs (sda1): re-mounted. Opts: (null)
[    7.982477] systemd[1]: Starting Create list of required static device nodes for the current kernel...
         Starting Create list of required st... nodes for the current kernel...
[    8.002644] systemd[1]: Starting Load Kernel Modules...
         Starting Load Kernel Modules...
[    8.020407] systemd[1]: Mounting POSIX Message Queue File System...
         Mounting POSIX Message Queue File System...
[    8.034154] systemd[1]: Starting Nameserver information manager...
[    8.047545] Loading iSCSI transport class v2.0-870.
         Starting Nameserver information manager...
[    8.060415] systemd[1]: Starting Monitoring of LVM2 mirrors, snapshots etc. using dmeventd or progress polling...
[    8.073438] random: nonblocking pool is initialized
         Starting Monitoring of LVM2 mirrors... dmeventd or progress polling...
[    8.091016] systemd[1]: Mounting Debug File System...
         Mounting Debug File System...
[    8.108363] systemd[1]: Starting Set console keymap...
         Starting Set console keymap...
[    8.123336] systemd[1]: Reached target Swap.
[[0;32m  OK  [0m] Reached target Swap.
[    8.135330] systemd[1]: Starting Uncomplicated firewall...
         Starting Uncomplicated firewall...
[    8.150844] systemd[1]: Reached target User and Group Name Lookups.
[[0;32m  OK  [0m] Reached target User and Group Name Lookups.
[    8.159518] systemd[1]: Listening on Journal Socket (/dev/log).
[[0;32m  OK  [0m] Listening on Journal Socket (/dev/log).
[    8.172431] systemd[1]: Starting Journal Service...
         Starting Journal Service...
[    8.184553] systemd[1]: Set up automount Arbitrary Executable File Formats File System Automount Point.
[[0;32m  OK  [0m] Set up automount Arbitrary Executab...ats File System Automount Point.
[    8.206049] systemd[1]: Started Forward Password Requests to Wall Directory Watch.
[    8.210402] iscsi: registered transport (tcp)
[[0;32m  OK  [0m] Started Forward Password Requests to Wall Directory Watch.
[    8.219815] systemd[1]: Mounted Debug File System.
[[0;32m  OK  [0m] Mounted Debug File System.
[    8.234052] systemd[1]: Mounted Huge Pages File System.
[[0;32m  OK  [0m] Mounted Huge Pages File System.
[    8.244343] systemd[1]: Mounted POSIX Message Queue File System.
[[0;32m  OK  [0m] Mounted POSIX Message Queue File System.
[    8.253173] systemd[1]: Started Remount Root and Kernel File Systems.
[[0;32m  OK  [0m] Started Remount Root and Kernel File Systems.
[    8.270179] systemd[1]: Started Create list of required static device nodes for the current kernel.
[[0;32m  OK  [0m] Started Create list of required sta...ce nodes for the current kernel.
[    8.283998] systemd[1]: Started Uncomplicated firewall.
[[0;32m  OK  [0m] Started Uncomplicated firewall.
[    8.314002] systemd[1]: Started Nameserver information manager.
[[0;32m  OK  [0m] Started Nameserver information manager.
[    8.338228] systemd[1]: Started LVM2 metadata daemon.
[[0;32m  OK  [0m] Started LVM2 metadata daemon.
[    8.350532] systemd[1]: Starting Create Static Device Nodes in /dev...
         Starting Create Static Device Nodes in /dev...
[    8.371606] systemd[1]: Starting Load/Save Random Seed...
         Starting Load/Save Random Seed...
[    8.388214] systemd[1]: Starting udev Coldplug all Devices...
         Starting udev Coldplug all Devices...
[    8.442761] systemd[1]: Started Load/Save Random Seed.
[[0;32m  OK  [0m] Started Load/Save Random Seed.
[    8.478596] systemd[1]: Started Create Static Device Nodes in /dev.
[[0;32m  OK  [0m] Started Create Static Device Nodes in /dev.
[    8.491359] systemd[1]: Starting udev Kernel Device Manager...
         Starting udev Kernel Device Manager...
[    8.616933] systemd[1]: Started Journal Service.
[[0;32m  OK  [0m] Started Journal Service.
         Starting Flush Journal to Persistent Storage...
[    8.643600] iscsi: registered transport (iser)
[[0;32m  OK  [0m] Started Load Kernel Modules.
[    8.689248] systemd-journald[385]: Received request to flush runtime journal from PID 1
         Mounting FUSE Control File System...
         Starting Apply Kernel Variables...
[[0;32m  OK  [0m] Mounted FUSE Control File System.
[[0;32m  OK  [0m] Started Flush Journal to Persistent Storage.
[[0;32m  OK  [0m] Started udev Kernel Device Manager.
[[0;32m  OK  [0m] Started Apply Kernel Variables.
[[0;32m  OK  [0m] Started Monitoring of LVM2 mirrors,...ng dmeventd or progress polling.
[[0;32m  OK  [0m] Started Set console keymap.
[[0;32m  OK  [0m] Reached target Local File Systems (Pre).
[[0;32m  OK  [0m] Reached target Local File Systems.
         Starting LSB: AppArmor initialization...
         Starting Initial cloud-init job (pre-networking)...
         Starting Commit a transient machine-id on disk...
         Starting Set console font and keymap...
         Starting Create Volatile Files and Directories...
         Starting Tell Plymouth To Write Out Runtime Data...
[[0;32m  OK  [0m] Started Commit a transient machine-id on disk.
[[0;32m  OK  [0m] Started Tell Plymouth To Write Out Runtime Data.
[[0;32m  OK  [0m] Started Create Volatile Files and Directories.
         Starting Update UTMP about System Boot/Shutdown...
[[0;32m  OK  [0m] Started Update UTMP about System Boot/Shutdown.
[[0;32m  OK  [0m] Started udev Coldplug all Devices.
[[0;32m  OK  [0m] Started Dispatch Password Requests to Console Directory Watch.
[[0;32m  OK  [0m] Found device /dev/ttyS0.
[[0;32m  OK  [0m] Listening on Load/Save RF Kill Switch Status /dev/rfkill Watch.
[   16.229638] cloud-init[466]: Cloud-init v. 20.3-2-g371b392c-0ubuntu1~16.04.1 running 'init-local' at Wed, 31 Mar 2021 14:47:40 +0000. Up 14.20 seconds.
[[0;32m  OK  [0m] Started Initial cloud-init job (pre-networking).
[[0;32m  OK  [0m] Reached target Network (Pre).
[[0;32m  OK  [0m] Started LSB: AppArmor initialization.
         Starting Raise network interfaces...
         Starting Load AppArmor profiles managed internally by snapd...
[[0;32m  OK  [0m] Started Load AppArmor profiles managed internally by snapd.
[[0;32m  OK  [0m] Started Set console font and keymap.
[[0;32m  OK  [0m] Created slice system-getty.slice.
[[0;32m  OK  [0m] Started Raise network interfaces.
[[0;32m  OK  [0m] Reached target Network.
         Starting Initial cloud-init job (metadata service crawler)...
[   22.958178] cloud-init[962]: Cloud-init v. 20.3-2-g371b392c-0ubuntu1~16.04.1 running 'init' at Wed, 31 Mar 2021 14:47:47 +0000. Up 21.39 seconds.
[   22.961064] cloud-init[962]: ci-info: ++++++++++++++++++++++++++++++++++++++Net device info+++++++++++++++++++++++++++++++++++++++
[   22.968795] cloud-init[962]: ci-info: +--------+-------+----------------------------+---------------+--------+-------------------+
[   22.976816] cloud-init[962]: ci-info: | Device |   Up  |          Address           |      Mask     | Scope  |     Hw-Address    |
[   22.979798] cloud-init[962]: ci-info: +--------+-------+----------------------------+---------------+--------+-------------------+
[   22.987568] cloud-init[962]: ci-info: | enp0s3 |  True |         10.0.2.15          | 255.255.255.0 | global | 02:46:24:a9:8b:4d |
[   22.990281] cloud-init[962]: ci-info: | enp0s3 |  True | fe80::46:24ff:fea9:8b4d/64 |       .       |  link  | 02:46:24:a9:8b:4d |
[   23.004759] cloud-init[962]: ci-info: | enp0s8 | False |             .              |       .       |   .    | 08:00:27:14:7c:ac |
[   23.007397] cloud-init[962]: ci-info: |   lo   |  True |         127.0.0.1          |   255.0.0.0   |  host  |         .         |
[   23.015592] cloud-init[962]: ci-info: |   lo   |  True |          ::1/128           |       .       |  host  |         .         |
[   23.018085] cloud-init[962]: ci-info: +--------+-------+----------------------------+---------------+--------+-------------------+
[   23.024738] cloud-init[962]: ci-info: +++++++++++++++++++++++++++Route IPv4 info++++++++++++++++++++++++++++
[   23.026543] cloud-init[962]: ci-info: +-------+-------------+----------+---------------+-----------+-------+
[   23.033189] cloud-init[962]: ci-info: | Route | Destination | Gateway  |    Genmask    | Interface | Flags |
[   23.036681] cloud-init[962]: ci-info: +-------+-------------+----------+---------------+-----------+-------+
[   23.044699] cloud-init[962]: ci-info: |   0   |   0.0.0.0   | 10.0.2.2 |    0.0.0.0    |   enp0s3  |   UG  |
[   23.046630] cloud-init[962]: ci-info: |   1   |   10.0.2.0  | 0.0.0.0  | 255.255.255.0 |   enp0s3  |   U   |
[   23.054640] cloud-init[962]: ci-info: +-------+-------------+----------+---------------+-----------+-------+
[   23.057059] cloud-init[962]: ci-info: +++++++++++++++++++Route IPv6 info+++++++++++++++++++
[   23.058977] cloud-init[962]: ci-info: +-------+-------------+---------+-----------+-------+
[   23.065045] cloud-init[962]: ci-info: | Route | Destination | Gateway | Interface | Flags |
[   23.068917] cloud-init[962]: ci-info: +-------+-------------+---------+-----------+-------+
[   23.072691] cloud-init[962]: ci-info: |   0   |  fe80::/64  |    ::   |   enp0s3  |   U   |
[   23.076679] cloud-init[962]: ci-info: |   3   |   ff00::/8  |    ::   |   enp0s3  |   U   |
[   23.080976] cloud-init[962]: ci-info: +-------+-------------+---------+-----------+-------+
[   23.084759] cloud-init[962]: Generating public/private rsa key pair.
[   23.088789] cloud-init[962]: Your identification has been saved in /etc/ssh/ssh_host_rsa_key.
[   23.092638] cloud-init[962]: Your public key has been saved in /etc/ssh/ssh_host_rsa_key.pub.
[   23.096640] cloud-init[962]: The key fingerprint is:
[   23.107738] cloud-init[962]: SHA256:3adPsl+K+F+9sAClCzunYL8eePmGKbyZogHt7H2WiqU root@ubuntu-xenial
[   23.109831] cloud-init[962]: The key's randomart image is:
[   23.112732] cloud-init[962]: +---[RSA 2048]----+
[   23.116698] cloud-init[962]: |                 |
[   23.121018] cloud-init[962]: |                 |
[   23.122532] cloud-init[962]: |           .     |
[   23.128847] cloud-init[962]: | .       .o.     |
[   23.130597] cloud-init[962]: |. .    .So. . .  |
[   23.133016] cloud-init[962]: |.o    . + o  o  .|
[   23.136797] cloud-init[962]: | .o o+ Boo .o.. +|
[   23.140775] cloud-init[962]: | ..*.oXo*. ..*o+.|
[   23.147806] cloud-init[962]: | .E +B+=o...++=. |
[   23.150124] cloud-init[962]: +----[SHA256]-----+
[   23.152668] cloud-init[962]: Generating public/private dsa key pair.
[   23.156844] cloud-init[962]: Your identification has been saved in /etc/ssh/ssh_host_dsa_key.
[   23.164693] cloud-init[962]: Your public key has been saved in /etc/ssh/ssh_host_dsa_key.pub.
[   23.167241] cloud-init[962]: The key fingerprint is:
[   23.173003] cloud-init[962]: SHA256:oUi0aGb+q6hjTYzr5y1jL2Qo17UmPXAYZT49JFZ7q8E root@ubuntu-xenial
[   23.176759] cloud-init[962]: The key's randomart image is:
[   23.180750] cloud-init[962]: +---[DSA 1024]----+
[   23.182501] cloud-init[962]: |    ..=.o        |
[   23.187219] cloud-init[962]: |   o.= + .       |[[0;32m  OK  [0m] Started Initial cloud-init job (metadata service crawler).
[[0;32m  OK  [0m] Reached target Network is Online.

[   23.192736] cloud-init[962]: |  = ooo = .      |
         Starting iSCSI initiator daemon (iscsid)...[   23.198235] cloud-init[962]: | = .o.o+ + .     |
[   23.199581] cloud-init[962]: |  =..=..E .      |
[[0;32m  OK  [0m] Reached target Cloud-config availability.
[[0;32m  OK  [0m] Reached target System Initialization.

[   23.205392] cloud-init[962]: |.o.*o =  o       |
[[0;32m  OK  [0m] Started Message of the Day.
[[0;32m  OK  [0m] Listening on D-Bus System Message Bus Socket.
[[0;32m  OK  [0m] Listening on ACPID Listen Socket.
         Starting LXD - unix socket.
[[0;32m  OK  [0m] Started Daily apt download activities.
[[0;32m  OK  [0m] Started Daily apt upgrade and clean activities.
[[0;32m  OK  [0m] Started Daily Cleanup of Temporary Directories.
[[   23.217853] cloud-init[962]: |..* .o ..        |
[   23.225278] cloud-init[962]: |.+ B..           |
[   23.226047] cloud-init[962]: |*o=o*o           |
[   23.226968] cloud-init[962]: +----[SHA256]-----+
[   23.227689] cloud-init[962]: Generating public/private ecdsa key pair.
[   23.232041] [0;32m  OK  [0m] Reached target Timers.
cloud-init[[0;32m  OK  [0m] Started ACPI Events Check.
[[0;32m  OK  [0m] Reached target Paths.
         Starting Socket activation for snappy daemon.[962]: Your identification has been saved in /etc/ssh/ssh_host_ecdsa_key.
[   23.243305] cloud-init[962]: Your public key has been saved in /etc/ssh/ssh_host_ecdsa_key.pub.
[[0;32m  OK  [0m] Listening on UUID daemon activation socket.
[[0;32m  OK  [0m] 
Listening on LXD - unix socket.
[[0;32m  OK  [0m] Listening on Socket activation for snappy daemon.
[[0;32m  OK  [0m] [   23.249100] cloud-init[962]: The key fingerprint is:
[   23.257453] cloud-init[962]: SHA256:wnlQFfnh+pnT6TqOkvMC515hr7ZHsuT+ldUCBd7kPbg root@ubuntu-xenial
[   23.259029] cloud-init[962]: The key's randomart image is:
Reached target Sockets.
[[0;32m  OK  [0m] Reached target Basic System.
         Starting Virtualbox guest utils...
         Starting LSB: MD monitoring daemon...
         Starting LSB: Record successful boot for GRUB...
[   23.262961] cloud-init[962]: +---[ECDSA 256]---+
         Starting System Logging Service...
[[0;32m  OK  [0m] Started Deferred execution scheduler.
[   23.306747] cloud-init[962]: |        ..oo..o  |
[[0;32m  OK  [0m] Started ACPI event daemon.
[[0;32m  OK  [0m] Started FUSE filesystem for LXC.
[[0;32m  OK  [0m] Started Regular background program processing daemon.
         Starting Login Service...
         Starting Pollinate to seed the pseudo random number generator...
         Starting LXD - container startup/shutdown...
[   23.396851] cloud-init[962]: |       .  ...=.. |
         Starting Snap Daemon...
         Starting Accounts Service...
[[0;32m  OK  [0m] Started D-Bus System Message Bus.
[   23.469373] cloud-init[962]: |      .    oooo..|
[   23.486527] cloud-init[962]: |     . o    o.. o|
[   23.511303] cloud-init[962]: |      + S o. E. o|
[   23.526730] cloud-init[962]: |      .o..+o.  + |
[   23.543026] cloud-init[962]: |       + +.=.+o. |
[   23.554704] cloud-init[962]: |        *.+oB.o  |
[   23.567252] cloud-init[962]: |       ..B*=+=.  |
[   23.581482] cloud-init[962]: +----[SHA256]-----+
[   23.597538] cloud-init[962]: Generating public/private ed25519 key pair.
[   23.604206] cloud-init[962]: Your identification has been saved in /etc/ssh/ssh_host_ed25519_key.
[   23.626368] cloud-init[962]: Your public key has been saved in /etc/ssh/ssh_host_ed25519_key.pub.         Starting /etc/rc.local Compatibility...
[[0;32m  OK  [0m] Started System Logging Service.
[[0;32m  OK  [0m] Started /etc/rc.local Compatibility.

[   23.673279] cloud-init[962]: The key fingerprint is:
[   23.722039] cloud-init[962]: SHA256:i6Tepa5uve7tLqGCxZzK4MVlpMTToPW5ng1wr4fkmAk root@ubuntu-xenial[[0;32m  OK  [0m] Started iSCSI initiator daemon (iscsid).
         Starting Login to default iSCSI targets...
[[0;32m  OK  [0m] Started Login Service.
[[0;32m  OK  [0m] Started Unattended Upgrades Shutdown.

[   23.822548] cloud-init[962]: The key's randomart image is:
[   23.861766] cloud-init[962]: +--[ED25519 256]--+
         Starting Authenticate and Authorize Users to Run Privileged Tasks...
[   23.905882] cloud-init[962]: |  .oo            |
[   23.923010] cloud-init[962]: |  o+.o.          |
[[0;32m  OK  [0m] Started LXD - container startup/shutdown.
[[0;32m  OK  [0m] Started LSB: Record successful boot for GRUB.
[[0;32m  OK  [0m] Started Login to default iSCSI targets.
[[0;32m  OK  [0m] Reached target Remote File Systems (Pre).
[[0;32m  OK  [0m] Reached target Remote File Systems.
         Starting Permit User Sessions...
         Starting LSB: Set the CPU Frequency Scaling governor to "ondemand"...
         Starting LSB: daemon to balance interrupts for SMP systems...
         Starting LSB: automatic crash report generation...
[[0;32m  OK  [0m] Started Permit User Sessions.
[   24.069646] cloud-init[962]: | ...++           |
         Starting Terminate Plymouth Boot Screen...
         Starting Hold until boot process finishes up...
[[0;32m  OK  [0m] Started LSB: MD monitoring daemon.
[[0;32m  OK  [0m] Started Terminate Plymouth Boot Screen.
[   24.128246] cloud-init[962]: |   .ooo          |
[[0;32m  OK  [0m] Started Hold until boot process finishes up.
[[0;32m  OK  [0m] Started Getty on tty1.
[   24.160974] cloud-init[962]: | E..o+..S        |
[[0;32m  OK  [0m] Started Serial Getty on ttyS0.
[[0;32m  OK  [0m] Reached target Login Prompts.
         Starting Set console scheme...
[[0;32m  OK  [0m] Started Set console scheme.
[   24.197126] cloud-init[962]: |. *oBoB. .       |
[   24.216504] cloud-init[962]: |++.+.O.+o        |
[   24.243984] cloud-init[962]: |oo..o.++         |
[[0;32m  OK  [0m] Started Authenticate and Authorize Users to Run Privileged Tasks.
[[0;32m  OK  [0m] Started Accounts Service.
[   24.294158] cloud-init[962]: |   ++=B=+        |
[   24.307674] cloud-init[962]: +----[SHA256]-----+
[[0;32m  OK  [0m] Started LSB: Set the CPU Frequency Scaling governor to "ondemand".
[[0;32m  OK  [0m] Started LSB: daemon to balance interrupts for SMP systems.
[[0;32m  OK  [0m] Started LSB: automatic crash report generation.
[[0;32m  OK  [0m] Started Virtualbox guest utils.
[[0;32m  OK  [0m] Started Snap Daemon.
         Starting Wait until snapd is fully seeded...
[[0;32m  OK  [0m] Started Pollinate to seed the pseudo random number generator.
         Starting OpenBSD Secure Shell server...
[[0;32m  OK  [0m] Started OpenBSD Secure Shell server.
[[0;32m  OK  [0m] Created slice User Slice of vagrant.
[[0;32m  OK  [0m] Started Session 1 of user vagrant.
         Starting User Manager for UID 1000...
[[0;32m  OK  [0m] Started User Manager for UID 1000.

Ubuntu 16.04.7 LTS ubuntu-xenial ttyS0

ubuntu-xenial login: [   39.756766] cloud-init[1421]: Generating locales (this might take a while)...
[   44.799234] cloud-init[1421]:   en_US.UTF-8... done
[   44.804268] cloud-init[1421]: Generation complete.
[   47.694682] cloud-init[1421]: Cloud-init v. 20.3-2-g371b392c-0ubuntu1~16.04.1 running 'modules:config' at Wed, 31 Mar 2021 14:48:04 +0000. Up 38.51 seconds.
ci-info: no authorized SSH keys fingerprints found for user ubuntu.
<14>Mar 31 14:48:17 ec2: 
<14>Mar 31 14:48:17 ec2: #############################################################
<14>Mar 31 14:48:17 ec2: -----BEGIN SSH HOST KEY FINGERPRINTS-----
<14>Mar 31 14:48:17 ec2: 1024 SHA256:oUi0aGb+q6hjTYzr5y1jL2Qo17UmPXAYZT49JFZ7q8E root@ubuntu-xenial (DSA)
<14>Mar 31 14:48:17 ec2: 256 SHA256:wnlQFfnh+pnT6TqOkvMC515hr7ZHsuT+ldUCBd7kPbg root@ubuntu-xenial (ECDSA)
<14>Mar 31 14:48:17 ec2: 256 SHA256:i6Tepa5uve7tLqGCxZzK4MVlpMTToPW5ng1wr4fkmAk root@ubuntu-xenial (ED25519)
<14>Mar 31 14:48:17 ec2: 2048 SHA256:3adPsl+K+F+9sAClCzunYL8eePmGKbyZogHt7H2WiqU root@ubuntu-xenial (RSA)
<14>Mar 31 14:48:17 ec2: -----END SSH HOST KEY FINGERPRINTS-----
<14>Mar 31 14:48:17 ec2: #############################################################
-----BEGIN SSH HOST KEY KEYS-----
ecdsa-sha2-nistp256 AAAAE2VjZHNhLXNoYTItbmlzdHAyNTYAAAAIbmlzdHAyNTYAAABBBG15ZaMWQ6YAQDlb7gwTWsZNf6GotX8gq7e7n5HwmpjvsS13XEEfphtxN8Fbo8nGMyM7UXoTUEJl9AzRDoRFfyc= root@ubuntu-xenial
ssh-ed25519 AAAAC3NzaC1lZDI1NTE5AAAAIJAYgdHky0uTGNKOm5iAA+/KX0Bdh0sMnFvxqxVh1o1u root@ubuntu-xenial
ssh-rsa AAAAB3NzaC1yc2EAAAADAQABAAABAQDcyIufB2bTCH3bPQoY7WE1UXSpIFn6ywp+yBWx/lLc4PUEJ4C9McepRTKLIQOHITIsHYLJ0N9/PGpybenQ1dYwh1vvzE1+pWx3Zns5lBfuFgSuetiavOi7EGDFHPOaSPau7VI6pxBacNQ/JfEDLsCcaDKPUHnlwb6IB5gGCwies1gndo/YZpwRhRrudFRtROohFJtQu/LWXqPI5+qEPHkpNzo8sKiH+6hZvynq4ox3Nys0ije29KM2HQWC3d3CxG0VgzYgP1x4qQizjItdFZ/ysFpXrf85Kv4JatKWnKs1LxqfnqSiYOYeUVIaw8LevG0Y673+IAJ0d7jsAHP6WrYr root@ubuntu-xenial
-----END SSH HOST KEY KEYS-----
[   51.055981] cloud-init[1659]: Cloud-init v. 20.3-2-g371b392c-0ubuntu1~16.04.1 running 'modules:final' at Wed, 31 Mar 2021 14:48:16 +0000. Up 49.97 seconds.
[   51.065827] cloud-init[1659]: ci-info: no authorized SSH keys fingerprints found for user ubuntu.
[   51.080966] cloud-init[1659]: Cloud-init v. 20.3-2-g371b392c-0ubuntu1~16.04.1 finished at Wed, 31 Mar 2021 14:48:17 +0000. Datasource DataSourceNoCloud [seed=/dev/sdb][dsmode=net].  Up 51.00 seconds
